<?xml version="1.0" encoding="UTF-8"?>
<!-- Generated by org.testng.reporters.JUnitReportReporter -->
<testsuite hostname="Thariqs-MBP" failures="0" tests="1" name="GameZone.SeleniumTest.GameZoneTest" time="0.658" errors="0" timestamp="14 Aug 2024 12:37:49 GMT">
  <testcase classname="GameZone.SeleniumTest.GameZoneTest" name="checkRegistration" time="0.658"/>
</testsuite> <!-- GameZone.SeleniumTest.GameZoneTest -->
